<?xml version="1.0" encoding="UTF-8"?>
<!-- Generated by org.testng.reporters.JUnitXMLReporter -->
<testsuite hostname="RAGHU" name="Default test" tests="5" failures="0" timestamp="28 Jun 2017 08:36:04 GMT" time="0.073" errors="0">
  <testcase name="test2" time="0.011" classname="testCases.TestNgAnn"/>
  <testcase name="test3" time="0.003" classname="testCases.TestNgAnn"/>
  <testcase name="test4" time="0.003" classname="testCases.TestNgAnn"/>
  <testcase name="test5" time="0.003" classname="testCases.TestNgAnn"/>
  <testcase name="test1" time="0.002" classname="testCases.TestNgAnn"/>
</testsuite> <!-- Default test -->
